# JRE version: OpenJDK Runtime Environment (11.0.11+9) (build 11.0.11+9-b60-7590822)
# Java VM: OpenJDK 64-Bit Server VM (11.0.11+9-b60-7590822, mixed mode, tiered, compressed oops, g1 gc, windows-amd64)
Heap:
 garbage-first heap   total 512000K, used 204944K [0x0000000080000000, 0x0000000100000000)
  region size 1024K, 7 young (7168K), 7 survivors (7168K)
 Metaspace       used 129106K, capacity 132816K, committed 132936K, reserved 1165312K
  class space    used 16239K, capacity 17645K, committed 17664K, reserved 1048576K
GC Heap History (20 events):
Event: 362.577 GC heap after
{Heap after GC invocations=88 (full 0):
 garbage-first heap   total 238592K, used 179553K [0x0000000080000000, 0x0000000100000000)
  region size 1024K, 4 young (4096K), 4 survivors (4096K)
 Metaspace       used 122607K, capacity 125890K, committed 126024K, reserved 1159168K
  class space    used 15314K, capacity 16567K, committed 16640K, reserved 1048576K
}
Event: 362.617 GC heap before
{Heap before GC invocations=88 (full 0):
 garbage-first heap   total 238592K, used 202081K [0x0000000080000000, 0x0000000100000000)
  region size 1024K, 26 young (26624K), 4 survivors (4096K)
 Metaspace       used 122697K, capacity 125955K, committed 126280K, reserved 1159168K
  class space    used 15337K, capacity 16567K, committed 16640K, reserved 1048576K
}
Event: 362.631 GC heap after
{Heap after GC invocations=89 (full 0):
 garbage-first heap   total 286720K, used 184478K [0x0000000080000000, 0x0000000100000000)
  region size 1024K, 4 young (4096K), 4 survivors (4096K)
 Metaspace       used 122697K, capacity 125955K, committed 126280K, reserved 1159168K
  class space    used 15337K, capacity 16567K, committed 16640K, reserved 1048576K
}
Event: 362.762 GC heap before
{Heap before GC invocations=89 (full 0):
 garbage-first heap   total 286720K, used 221342K [0x0000000080000000, 0x0000000100000000)
  region size 1024K, 40 young (40960K), 4 survivors (4096K)
 Metaspace       used 123066K, capacity 126383K, committed 126664K, reserved 1159168K
  class space    used 15403K, capacity 16644K, committed 16768K, reserved 1048576K
}
Event: 362.773 GC heap after
{Heap after GC invocations=90 (full 0):
 garbage-first heap   total 286720K, used 191292K [0x0000000080000000, 0x0000000100000000)
  region size 1024K, 5 young (5120K), 5 survivors (5120K)
 Metaspace       used 123066K, capacity 126383K, committed 126664K, reserved 1159168K
  class space    used 15403K, capacity 16644K, committed 16768K, reserved 1048576K
}
Event: 362.856 GC heap before
{Heap before GC invocations=90 (full 0):
 garbage-first heap   total 286720K, used 227132K [0x0000000080000000, 0x0000000100000000)
  region size 1024K, 40 young (40960K), 5 survivors (5120K)
 Metaspace       used 123341K, capacity 126727K, committed 126920K, reserved 1159168K
  class space    used 15448K, capacity 16699K, committed 16768K, reserved 1048576K
}
Event: 362.869 GC heap after
{Heap after GC invocations=91 (full 0):
 garbage-first heap   total 286720K, used 197762K [0x0000000080000000, 0x0000000100000000)
  region size 1024K, 5 young (5120K), 5 survivors (5120K)
 Metaspace       used 123341K, capacity 126727K, committed 126920K, reserved 1159168K
  class space    used 15448K, capacity 16699K, committed 16768K, reserved 1048576K
}
Event: 363.049 GC heap before
{Heap before GC invocations=92 (full 0):
 garbage-first heap   total 286720K, used 232578K [0x0000000080000000, 0x0000000100000000)
  region size 1024K, 39 young (39936K), 5 survivors (5120K)
 Metaspace       used 123467K, capacity 126841K, committed 127304K, reserved 1159168K
  class space    used 15482K, capacity 16735K, committed 16896K, reserved 1048576K
}
Event: 363.061 GC heap after
{Heap after GC invocations=93 (full 0):
 garbage-first heap   total 286720K, used 204356K [0x0000000080000000, 0x0000000100000000)
  region size 1024K, 5 young (5120K), 5 survivors (5120K)
 Metaspace       used 123467K, capacity 126841K, committed 127304K, reserved 1159168K
  class space    used 15482K, capacity 16735K, committed 16896K, reserved 1048576K
}
Event: 363.085 GC heap before
{Heap before GC invocations=93 (full 0):
 garbage-first heap   total 286720K, used 213572K [0x0000000080000000, 0x0000000100000000)
  region size 1024K, 14 young (14336K), 5 survivors (5120K)
 Metaspace       used 123746K, capacity 127071K, committed 127304K, reserved 1159168K
  class space    used 15530K, capacity 16769K, committed 16896K, reserved 1048576K
}
Event: 363.099 GC heap after
{Heap after GC invocations=94 (full 0):
 garbage-first heap   total 286720K, used 200103K [0x0000000080000000, 0x0000000100000000)
  region size 1024K, 2 young (2048K), 2 survivors (2048K)
 Metaspace       used 123746K, capacity 127071K, committed 127304K, reserved 1159168K
  class space    used 15530K, capacity 16769K, committed 16896K, reserved 1048576K
}
Event: 363.354 GC heap before
{Heap before GC invocations=94 (full 0):
 garbage-first heap   total 286720K, used 233895K [0x0000000080000000, 0x0000000100000000)
  region size 1024K, 35 young (35840K), 2 survivors (2048K)
 Metaspace       used 125728K, capacity 129180K, committed 129480K, reserved 1161216K
  class space    used 15886K, capacity 17199K, committed 17280K, reserved 1048576K
}
Event: 363.367 GC heap after
{Heap after GC invocations=95 (full 0):
 garbage-first heap   total 405504K, used 203038K [0x0000000080000000, 0x0000000100000000)
  region size 1024K, 5 young (5120K), 5 survivors (5120K)
 Metaspace       used 125728K, capacity 129180K, committed 129480K, reserved 1161216K
  class space    used 15886K, capacity 17199K, committed 17280K, reserved 1048576K
}
Event: 363.894 GC heap before
{Heap before GC invocations=95 (full 0):
 garbage-first heap   total 405504K, used 272670K [0x0000000080000000, 0x0000000100000000)
  region size 1024K, 73 young (74752K), 5 survivors (5120K)
 Metaspace       used 126609K, capacity 130145K, committed 130248K, reserved 1163264K
  class space    used 15955K, capacity 17274K, committed 17280K, reserved 1048576K
}
Event: 363.903 GC heap after
{Heap after GC invocations=96 (full 0):
 garbage-first heap   total 405504K, used 203632K [0x0000000080000000, 0x0000000100000000)
  region size 1024K, 6 young (6144K), 6 survivors (6144K)
 Metaspace       used 126609K, capacity 130145K, committed 130248K, reserved 1163264K
  class space    used 15955K, capacity 17274K, committed 17280K, reserved 1048576K
}
Event: 364.337 GC heap before
{Heap before GC invocations=96 (full 0):
 garbage-first heap   total 405504K, used 282480K [0x0000000080000000, 0x0000000100000000)
  region size 1024K, 83 young (84992K), 6 survivors (6144K)
 Metaspace       used 127388K, capacity 130866K, committed 131144K, reserved 1163264K
  class space    used 15993K, capacity 17316K, committed 17408K, reserved 1048576K
}
Event: 364.345 GC heap after
{Heap after GC invocations=97 (full 0):
 garbage-first heap   total 405504K, used 203802K [0x0000000080000000, 0x0000000100000000)
  region size 1024K, 6 young (6144K), 6 survivors (6144K)
 Metaspace       used 127388K, capacity 130866K, committed 131144K, reserved 1163264K
  class space    used 15993K, capacity 17316K, committed 17408K, reserved 1048576K
}
Event: 364.721 GC heap before
{Heap before GC invocations=97 (full 0):
 garbage-first heap   total 405504K, used 307226K [0x0000000080000000, 0x0000000100000000)
  region size 1024K, 107 young (109568K), 6 survivors (6144K)
 Metaspace       used 128175K, capacity 131738K, committed 132040K, reserved 1163264K
  class space    used 16101K, capacity 17457K, committed 17536K, reserved 1048576K
}
Event: 364.729 GC heap after
{Heap after GC invocations=98 (full 0):
 garbage-first heap   total 405504K, used 204869K [0x0000000080000000, 0x0000000100000000)
  region size 1024K, 7 young (7168K), 7 survivors (7168K)
 Metaspace       used 128175K, capacity 131738K, committed 132040K, reserved 1163264K
  class space    used 16101K, capacity 17457K, committed 17536K, reserved 1048576K
}
Event: 365.362 GC heap before
{Heap before GC invocations=98 (full 0):
 garbage-first heap   total 405504K, used 318533K [0x0000000080000000, 0x0000000100000000)
  region size 1024K, 119 young (121856K), 7 survivors (7168K)
 Metaspace       used 129106K, capacity 132816K, committed 132936K, reserved 1165312K
  class space    used 16239K, capacity 17645K, committed 17664K, reserved 1048576K
}

