# JRE version: OpenJDK Runtime Environment (11.0.11+9) (build 11.0.11+9-b60-7590822)
# Java VM: OpenJDK 64-Bit Server VM (11.0.11+9-b60-7590822, mixed mode, tiered, compressed oops, g1 gc, windows-amd64)
Heap:
 garbage-first heap   total 702464K, used 199648K [0x0000000080000000, 0x0000000100000000)
  region size 1024K, 2 young (2048K), 2 survivors (2048K)
 Metaspace       used 94985K, capacity 97563K, committed 97868K, reserved 1134592K
  class space    used 12554K, capacity 13541K, committed 13644K, reserved 1048576K
GC Heap History (20 events):
Event: 14.898 GC heap after
{Heap after GC invocations=27 (full 0):
 garbage-first heap   total 164864K, used 79441K [0x0000000080000000, 0x0000000100000000)
  region size 1024K, 6 young (6144K), 6 survivors (6144K)
 Metaspace       used 84382K, capacity 86718K, committed 86988K, reserved 1124352K
  class space    used 11006K, capacity 11868K, committed 11980K, reserved 1048576K
}
Event: 14.952 GC heap before
{Heap before GC invocations=27 (full 0):
 garbage-first heap   total 164864K, used 86609K [0x0000000080000000, 0x0000000100000000)
  region size 1024K, 15 young (15360K), 6 survivors (6144K)
 Metaspace       used 84786K, capacity 87136K, committed 87244K, reserved 1124352K
  class space    used 11049K, capacity 11938K, committed 11980K, reserved 1048576K
}
Event: 14.959 GC heap after
{Heap after GC invocations=28 (full 0):
 garbage-first heap   total 198656K, used 79978K [0x0000000080000000, 0x0000000100000000)
  region size 1024K, 3 young (3072K), 3 survivors (3072K)
 Metaspace       used 84786K, capacity 87136K, committed 87244K, reserved 1124352K
  class space    used 11049K, capacity 11938K, committed 11980K, reserved 1048576K
}
Event: 15.392 GC heap before
{Heap before GC invocations=29 (full 0):
 garbage-first heap   total 198656K, used 130154K [0x0000000080000000, 0x0000000100000000)
  region size 1024K, 43 young (44032K), 3 survivors (3072K)
 Metaspace       used 89006K, capacity 91257K, committed 91980K, reserved 1128448K
  class space    used 11552K, capacity 12370K, committed 12620K, reserved 1048576K
}
Event: 15.401 GC heap after
{Heap after GC invocations=30 (full 0):
 garbage-first heap   total 198656K, used 97597K [0x0000000080000000, 0x0000000100000000)
  region size 1024K, 10 young (10240K), 10 survivors (10240K)
 Metaspace       used 89006K, capacity 91257K, committed 91980K, reserved 1128448K
  class space    used 11552K, capacity 12370K, committed 12620K, reserved 1048576K
}
Event: 15.688 GC heap before
{Heap before GC invocations=31 (full 0):
 garbage-first heap   total 198656K, used 156989K [0x0000000080000000, 0x0000000100000000)
  region size 1024K, 54 young (55296K), 10 survivors (10240K)
 Metaspace       used 89322K, capacity 91519K, committed 91980K, reserved 1128448K
  class space    used 11592K, capacity 12417K, committed 12620K, reserved 1048576K
}
Event: 15.753 GC heap after
{Heap after GC invocations=32 (full 0):
 garbage-first heap   total 198656K, used 124467K [0x0000000080000000, 0x0000000100000000)
  region size 1024K, 8 young (8192K), 8 survivors (8192K)
 Metaspace       used 89322K, capacity 91519K, committed 91980K, reserved 1128448K
  class space    used 11592K, capacity 12417K, committed 12620K, reserved 1048576K
}
Event: 16.091 GC heap before
{Heap before GC invocations=33 (full 0):
 garbage-first heap   total 198656K, used 160307K [0x0000000080000000, 0x0000000100000000)
  region size 1024K, 42 young (43008K), 8 survivors (8192K)
 Metaspace       used 91544K, capacity 93833K, committed 94284K, reserved 1130496K
  class space    used 12086K, capacity 12961K, committed 13132K, reserved 1048576K
}
Event: 16.118 GC heap after
{Heap after GC invocations=34 (full 0):
 garbage-first heap   total 198656K, used 138147K [0x0000000080000000, 0x0000000100000000)
  region size 1024K, 6 young (6144K), 6 survivors (6144K)
 Metaspace       used 91544K, capacity 93833K, committed 94284K, reserved 1130496K
  class space    used 12086K, capacity 12961K, committed 13132K, reserved 1048576K
}
Event: 16.219 GC heap before
{Heap before GC invocations=34 (full 0):
 garbage-first heap   total 198656K, used 162723K [0x0000000080000000, 0x0000000100000000)
  region size 1024K, 30 young (30720K), 6 survivors (6144K)
 Metaspace       used 91615K, capacity 93903K, committed 94284K, reserved 1130496K
  class space    used 12086K, capacity 12961K, committed 13132K, reserved 1048576K
}
Event: 16.241 GC heap after
{Heap after GC invocations=35 (full 0):
 garbage-first heap   total 198656K, used 151330K [0x0000000080000000, 0x0000000100000000)
  region size 1024K, 4 young (4096K), 4 survivors (4096K)
 Metaspace       used 91615K, capacity 93903K, committed 94284K, reserved 1130496K
  class space    used 12086K, capacity 12961K, committed 13132K, reserved 1048576K
}
Event: 16.309 GC heap before
{Heap before GC invocations=35 (full 0):
 garbage-first heap   total 198656K, used 165666K [0x0000000080000000, 0x0000000100000000)
  region size 1024K, 18 young (18432K), 4 survivors (4096K)
 Metaspace       used 91716K, capacity 94042K, committed 94284K, reserved 1130496K
  class space    used 12086K, capacity 12961K, committed 13132K, reserved 1048576K
}
Event: 16.345 GC heap after
{Heap after GC invocations=36 (full 0):
 garbage-first heap   total 353280K, used 159697K [0x0000000080000000, 0x0000000100000000)
  region size 1024K, 3 young (3072K), 3 survivors (3072K)
 Metaspace       used 91716K, capacity 94042K, committed 94284K, reserved 1130496K
  class space    used 12086K, capacity 12961K, committed 13132K, reserved 1048576K
}
Event: 16.800 GC heap before
{Heap before GC invocations=37 (full 0):
 garbage-first heap   total 353280K, used 224209K [0x0000000080000000, 0x0000000100000000)
  region size 1024K, 67 young (68608K), 3 survivors (3072K)
 Metaspace       used 91735K, capacity 94043K, committed 94284K, reserved 1130496K
  class space    used 12086K, capacity 12961K, committed 13132K, reserved 1048576K
}
Event: 16.882 GC heap after
{Heap after GC invocations=38 (full 0):
 garbage-first heap   total 353280K, used 192434K [0x0000000080000000, 0x0000000100000000)
  region size 1024K, 9 young (9216K), 9 survivors (9216K)
 Metaspace       used 91735K, capacity 94043K, committed 94284K, reserved 1130496K
  class space    used 12086K, capacity 12961K, committed 13132K, reserved 1048576K
}
Event: 17.659 GC heap before
{Heap before GC invocations=38 (full 0):
 garbage-first heap   total 353280K, used 246706K [0x0000000080000000, 0x0000000100000000)
  region size 1024K, 62 young (63488K), 9 survivors (9216K)
 Metaspace       used 94493K, capacity 97071K, committed 97228K, reserved 1132544K
  class space    used 12511K, capacity 13498K, committed 13516K, reserved 1048576K
}
Event: 17.684 GC heap after
{Heap after GC invocations=39 (full 0):
 garbage-first heap   total 353280K, used 202240K [0x0000000080000000, 0x0000000100000000)
  region size 1024K, 8 young (8192K), 8 survivors (8192K)
 Metaspace       used 94493K, capacity 97071K, committed 97228K, reserved 1132544K
  class space    used 12511K, capacity 13498K, committed 13516K, reserved 1048576K
}
Event: 18.695 GC heap before
{Heap before GC invocations=40 (full 0):
 garbage-first heap   total 353280K, used 245248K [0x0000000080000000, 0x0000000100000000)
  region size 1024K, 61 young (62464K), 8 survivors (8192K)
 Metaspace       used 94978K, capacity 97562K, committed 97868K, reserved 1134592K
  class space    used 12554K, capacity 13541K, committed 13644K, reserved 1048576K
}
Event: 18.721 GC heap after
{Heap after GC invocations=41 (full 0):
 garbage-first heap   total 353280K, used 197222K [0x0000000080000000, 0x0000000100000000)
  region size 1024K, 6 young (6144K), 6 survivors (6144K)
 Metaspace       used 94978K, capacity 97562K, committed 97868K, reserved 1134592K
  class space    used 12554K, capacity 13541K, committed 13644K, reserved 1048576K
}
Event: 18.828 GC heap before
{Heap before GC invocations=41 (full 0):
 garbage-first heap   total 353280K, used 210534K [0x0000000080000000, 0x0000000100000000)
  region size 1024K, 17 young (17408K), 6 survivors (6144K)
 Metaspace       used 94985K, capacity 97563K, committed 97868K, reserved 1134592K
  class space    used 12554K, capacity 13541K, committed 13644K, reserved 1048576K
}

