# JRE version: OpenJDK Runtime Environment (11.0.11+9) (build 11.0.11+9-b60-7590822)
# Java VM: OpenJDK 64-Bit Server VM (11.0.11+9-b60-7590822, mixed mode, tiered, compressed oops, g1 gc, windows-amd64)
Heap:
 garbage-first heap   total 502784K, used 230735K [0x0000000080000000, 0x0000000100000000)
  region size 1024K, 3 young (3072K), 3 survivors (3072K)
 Metaspace       used 122554K, capacity 125595K, committed 126204K, reserved 1159168K
  class space    used 15418K, capacity 16583K, committed 16768K, reserved 1048576K
GC Heap History (20 events):
Event: 1995.707 GC heap after
{Heap after GC invocations=87 (full 0):
 garbage-first heap   total 238592K, used 166569K [0x0000000080000000, 0x0000000100000000)
  region size 1024K, 5 young (5120K), 5 survivors (5120K)
 Metaspace       used 117876K, capacity 120678K, committed 121980K, reserved 1155072K
  class space    used 14619K, capacity 15712K, committed 16128K, reserved 1048576K
}
Event: 1996.202 GC heap before
{Heap before GC invocations=87 (full 0):
 garbage-first heap   total 238592K, used 210601K [0x0000000080000000, 0x0000000100000000)
  region size 1024K, 41 young (41984K), 5 survivors (5120K)
 Metaspace       used 119331K, capacity 122250K, committed 123132K, reserved 1157120K
  class space    used 14823K, capacity 15941K, committed 16256K, reserved 1048576K
}
Event: 1996.211 GC heap after
{Heap after GC invocations=88 (full 0):
 garbage-first heap   total 238592K, used 183485K [0x0000000080000000, 0x0000000100000000)
  region size 1024K, 6 young (6144K), 6 survivors (6144K)
 Metaspace       used 119331K, capacity 122250K, committed 123132K, reserved 1157120K
  class space    used 14823K, capacity 15941K, committed 16256K, reserved 1048576K
}
Event: 1996.428 GC heap before
{Heap before GC invocations=88 (full 0):
 garbage-first heap   total 238592K, used 215228K [0x0000000080000000, 0x0000000100000000)
  region size 1024K, 28 young (28672K), 6 survivors (6144K)
 Metaspace       used 119561K, capacity 122481K, committed 123516K, reserved 1157120K
  class space    used 14857K, capacity 15975K, committed 16384K, reserved 1048576K
}
Event: 1996.440 GC heap after
{Heap after GC invocations=89 (full 0):
 garbage-first heap   total 238592K, used 192195K [0x0000000080000000, 0x0000000100000000)
  region size 1024K, 2 young (2048K), 2 survivors (2048K)
 Metaspace       used 119561K, capacity 122481K, committed 123516K, reserved 1157120K
  class space    used 14857K, capacity 15975K, committed 16384K, reserved 1048576K
}
Event: 1996.848 GC heap before
{Heap before GC invocations=89 (full 0):
 garbage-first heap   total 238592K, used 206531K [0x0000000080000000, 0x0000000100000000)
  region size 1024K, 19 young (19456K), 2 survivors (2048K)
 Metaspace       used 119760K, capacity 122642K, committed 123772K, reserved 1157120K
  class space    used 14878K, capacity 16008K, committed 16384K, reserved 1048576K
}
Event: 1996.859 GC heap after
{Heap after GC invocations=90 (full 0):
 garbage-first heap   total 238592K, used 191447K [0x0000000080000000, 0x0000000100000000)
  region size 1024K, 3 young (3072K), 3 survivors (3072K)
 Metaspace       used 119760K, capacity 122642K, committed 123772K, reserved 1157120K
  class space    used 14878K, capacity 16008K, committed 16384K, reserved 1048576K
}
Event: 1996.971 GC heap before
{Heap before GC invocations=91 (full 0):
 garbage-first heap   total 238592K, used 205783K [0x0000000080000000, 0x0000000100000000)
  region size 1024K, 17 young (17408K), 3 survivors (3072K)
 Metaspace       used 120022K, capacity 122948K, committed 124028K, reserved 1157120K
  class space    used 14900K, capacity 16016K, committed 16384K, reserved 1048576K
}
Event: 1996.983 GC heap after
{Heap after GC invocations=92 (full 0):
 garbage-first heap   total 238592K, used 196594K [0x0000000080000000, 0x0000000100000000)
  region size 1024K, 3 young (3072K), 3 survivors (3072K)
 Metaspace       used 120022K, capacity 122948K, committed 124028K, reserved 1157120K
  class space    used 14900K, capacity 16016K, committed 16384K, reserved 1048576K
}
Event: 1997.074 GC heap before
{Heap before GC invocations=92 (full 0):
 garbage-first heap   total 238592K, used 204786K [0x0000000080000000, 0x0000000100000000)
  region size 1024K, 11 young (11264K), 3 survivors (3072K)
 Metaspace       used 120230K, capacity 123109K, committed 124028K, reserved 1157120K
  class space    used 14924K, capacity 16048K, committed 16384K, reserved 1048576K
}
Event: 1997.091 GC heap after
{Heap after GC invocations=93 (full 0):
 garbage-first heap   total 238592K, used 178303K [0x0000000080000000, 0x0000000100000000)
  region size 1024K, 2 young (2048K), 2 survivors (2048K)
 Metaspace       used 120230K, capacity 123109K, committed 124028K, reserved 1157120K
  class space    used 14924K, capacity 16048K, committed 16384K, reserved 1048576K
}
Event: 1997.297 GC heap before
{Heap before GC invocations=93 (full 0):
 garbage-first heap   total 238592K, used 187519K [0x0000000080000000, 0x0000000100000000)
  region size 1024K, 11 young (11264K), 2 survivors (2048K)
 Metaspace       used 120232K, capacity 123109K, committed 124028K, reserved 1157120K
  class space    used 14924K, capacity 16048K, committed 16384K, reserved 1048576K
}
Event: 1997.334 GC heap after
{Heap after GC invocations=94 (full 0):
 garbage-first heap   total 286720K, used 173184K [0x0000000080000000, 0x0000000100000000)
  region size 1024K, 2 young (2048K), 2 survivors (2048K)
 Metaspace       used 120232K, capacity 123109K, committed 124028K, reserved 1157120K
  class space    used 14924K, capacity 16048K, committed 16384K, reserved 1048576K
}
Event: 1997.825 GC heap before
{Heap before GC invocations=94 (full 0):
 garbage-first heap   total 286720K, used 215168K [0x0000000080000000, 0x0000000100000000)
  region size 1024K, 41 young (41984K), 2 survivors (2048K)
 Metaspace       used 122369K, capacity 125322K, committed 125948K, reserved 1159168K
  class space    used 15418K, capacity 16583K, committed 16768K, reserved 1048576K
}
Event: 1997.857 GC heap after
{Heap after GC invocations=95 (full 0):
 garbage-first heap   total 286720K, used 190464K [0x0000000080000000, 0x0000000100000000)
  region size 1024K, 6 young (6144K), 6 survivors (6144K)
 Metaspace       used 122369K, capacity 125322K, committed 125948K, reserved 1159168K
  class space    used 15418K, capacity 16583K, committed 16768K, reserved 1048576K
}
Event: 1998.028 GC heap before
{Heap before GC invocations=95 (full 0):
 garbage-first heap   total 286720K, used 223232K [0x0000000080000000, 0x0000000100000000)
  region size 1024K, 38 young (38912K), 6 survivors (6144K)
 Metaspace       used 122530K, capacity 125528K, committed 126204K, reserved 1159168K
  class space    used 15418K, capacity 16583K, committed 16768K, reserved 1048576K
}
Event: 1998.071 GC heap after
{Heap after GC invocations=96 (full 0):
 garbage-first heap   total 286720K, used 208129K [0x0000000080000000, 0x0000000100000000)
  region size 1024K, 5 young (5120K), 5 survivors (5120K)
 Metaspace       used 122530K, capacity 125528K, committed 126204K, reserved 1159168K
  class space    used 15418K, capacity 16583K, committed 16768K, reserved 1048576K
}
Event: 1998.158 GC heap before
{Heap before GC invocations=96 (full 0):
 garbage-first heap   total 286720K, used 230657K [0x0000000080000000, 0x0000000100000000)
  region size 1024K, 28 young (28672K), 5 survivors (5120K)
 Metaspace       used 122548K, capacity 125531K, committed 126204K, reserved 1159168K
  class space    used 15418K, capacity 16583K, committed 16768K, reserved 1048576K
}
Event: 1998.179 GC heap after
{Heap after GC invocations=97 (full 0):
 garbage-first heap   total 286720K, used 220917K [0x0000000080000000, 0x0000000100000000)
  region size 1024K, 4 young (4096K), 4 survivors (4096K)
 Metaspace       used 122548K, capacity 125531K, committed 126204K, reserved 1159168K
  class space    used 15418K, capacity 16583K, committed 16768K, reserved 1048576K
}
Event: 1998.246 GC heap before
{Heap before GC invocations=97 (full 0):
 garbage-first heap   total 286720K, used 237301K [0x0000000080000000, 0x0000000100000000)
  region size 1024K, 21 young (21504K), 4 survivors (4096K)
 Metaspace       used 122554K, capacity 125595K, committed 126204K, reserved 1159168K
  class space    used 15418K, capacity 16583K, committed 16768K, reserved 1048576K
}

