# JRE version: OpenJDK Runtime Environment (11.0.11+9) (build 11.0.11+9-b60-7590822)
# Java VM: OpenJDK 64-Bit Server VM (11.0.11+9-b60-7590822, mixed mode, tiered, compressed oops, g1 gc, windows-amd64)
Heap:
 garbage-first heap   total 612352K, used 193536K [0x0000000080000000, 0x0000000100000000)
  region size 1024K, 2 young (2048K), 2 survivors (2048K)
 Metaspace       used 94608K, capacity 97142K, committed 97228K, reserved 1132544K
  class space    used 12513K, capacity 13492K, committed 13516K, reserved 1048576K
GC Heap History (20 events):
Event: 17.136 GC heap after
{Heap after GC invocations=32 (full 0):
 garbage-first heap   total 175104K, used 121369K [0x0000000080000000, 0x0000000100000000)
  region size 1024K, 6 young (6144K), 6 survivors (6144K)
 Metaspace       used 89332K, capacity 91519K, committed 91980K, reserved 1128448K
  class space    used 11599K, capacity 12417K, committed 12620K, reserved 1048576K
}
Event: 17.272 GC heap before
{Heap before GC invocations=32 (full 0):
 garbage-first heap   total 175104K, used 130585K [0x0000000080000000, 0x0000000100000000)
  region size 1024K, 16 young (16384K), 6 survivors (6144K)
 Metaspace       used 89398K, capacity 91597K, committed 91980K, reserved 1128448K
  class space    used 11609K, capacity 12422K, committed 12620K, reserved 1048576K
}
Event: 17.283 GC heap after
{Heap after GC invocations=33 (full 0):
 garbage-first heap   total 175104K, used 125118K [0x0000000080000000, 0x0000000100000000)
  region size 1024K, 4 young (4096K), 4 survivors (4096K)
 Metaspace       used 89398K, capacity 91597K, committed 91980K, reserved 1128448K
  class space    used 11609K, capacity 12422K, committed 12620K, reserved 1048576K
}
Event: 17.553 GC heap before
{Heap before GC invocations=34 (full 0):
 garbage-first heap   total 175104K, used 142526K [0x0000000080000000, 0x0000000100000000)
  region size 1024K, 19 young (19456K), 4 survivors (4096K)
 Metaspace       used 89398K, capacity 91597K, committed 91980K, reserved 1128448K
  class space    used 11609K, capacity 12422K, committed 12620K, reserved 1048576K
}
Event: 17.572 GC heap after
{Heap after GC invocations=35 (full 0):
 garbage-first heap   total 210944K, used 133306K [0x0000000080000000, 0x0000000100000000)
  region size 1024K, 3 young (3072K), 3 survivors (3072K)
 Metaspace       used 89398K, capacity 91597K, committed 91980K, reserved 1128448K
  class space    used 11609K, capacity 12422K, committed 12620K, reserved 1048576K
}
Event: 17.901 GC heap before
{Heap before GC invocations=35 (full 0):
 garbage-first heap   total 210944K, used 159930K [0x0000000080000000, 0x0000000100000000)
  region size 1024K, 30 young (30720K), 3 survivors (3072K)
 Metaspace       used 91667K, capacity 93974K, committed 94156K, reserved 1130496K
  class space    used 12093K, capacity 12962K, committed 13004K, reserved 1048576K
}
Event: 17.920 GC heap after
{Heap after GC invocations=36 (full 0):
 garbage-first heap   total 210944K, used 144649K [0x0000000080000000, 0x0000000100000000)
  region size 1024K, 4 young (4096K), 4 survivors (4096K)
 Metaspace       used 91667K, capacity 93974K, committed 94156K, reserved 1130496K
  class space    used 12093K, capacity 12962K, committed 13004K, reserved 1048576K
}
Event: 18.019 GC heap before
{Heap before GC invocations=36 (full 0):
 garbage-first heap   total 210944K, used 165129K [0x0000000080000000, 0x0000000100000000)
  region size 1024K, 25 young (25600K), 4 survivors (4096K)
 Metaspace       used 91688K, capacity 93974K, committed 94156K, reserved 1130496K
  class space    used 12093K, capacity 12962K, committed 13004K, reserved 1048576K
}
Event: 18.039 GC heap after
{Heap after GC invocations=37 (full 0):
 garbage-first heap   total 210944K, used 156288K [0x0000000080000000, 0x0000000100000000)
  region size 1024K, 4 young (4096K), 4 survivors (4096K)
 Metaspace       used 91688K, capacity 93974K, committed 94156K, reserved 1130496K
  class space    used 12093K, capacity 12962K, committed 13004K, reserved 1048576K
}
Event: 18.086 GC heap before
{Heap before GC invocations=37 (full 0):
 garbage-first heap   total 210944K, used 170624K [0x0000000080000000, 0x0000000100000000)
  region size 1024K, 19 young (19456K), 4 survivors (4096K)
 Metaspace       used 91695K, capacity 93974K, committed 94156K, reserved 1130496K
  class space    used 12093K, capacity 12962K, committed 13004K, reserved 1048576K
}
Event: 18.098 GC heap after
{Heap after GC invocations=38 (full 0):
 garbage-first heap   total 210944K, used 164090K [0x0000000080000000, 0x0000000100000000)
  region size 1024K, 3 young (3072K), 3 survivors (3072K)
 Metaspace       used 91695K, capacity 93974K, committed 94156K, reserved 1130496K
  class space    used 12093K, capacity 12962K, committed 13004K, reserved 1048576K
}
Event: 18.215 GC heap before
{Heap before GC invocations=38 (full 0):
 garbage-first heap   total 210944K, used 174330K [0x0000000080000000, 0x0000000100000000)
  region size 1024K, 14 young (14336K), 3 survivors (3072K)
 Metaspace       used 91718K, capacity 94042K, committed 94156K, reserved 1130496K
  class space    used 12093K, capacity 12962K, committed 13004K, reserved 1048576K
}
Event: 18.231 GC heap after
{Heap after GC invocations=39 (full 0):
 garbage-first heap   total 299008K, used 170418K [0x0000000080000000, 0x0000000100000000)
  region size 1024K, 2 young (2048K), 2 survivors (2048K)
 Metaspace       used 91718K, capacity 94042K, committed 94156K, reserved 1130496K
  class space    used 12093K, capacity 12962K, committed 13004K, reserved 1048576K
}
Event: 18.419 GC heap before
{Heap before GC invocations=40 (full 0):
 garbage-first heap   total 299008K, used 211378K [0x0000000080000000, 0x0000000100000000)
  region size 1024K, 43 young (44032K), 2 survivors (2048K)
 Metaspace       used 91767K, capacity 94043K, committed 94156K, reserved 1130496K
  class space    used 12094K, capacity 12962K, committed 13004K, reserved 1048576K
}
Event: 18.497 GC heap after
{Heap after GC invocations=41 (full 0):
 garbage-first heap   total 299008K, used 192014K [0x0000000080000000, 0x0000000100000000)
  region size 1024K, 6 young (6144K), 6 survivors (6144K)
 Metaspace       used 91767K, capacity 94043K, committed 94156K, reserved 1130496K
  class space    used 12094K, capacity 12962K, committed 13004K, reserved 1048576K
}
Event: 19.163 GC heap before
{Heap before GC invocations=41 (full 0):
 garbage-first heap   total 299008K, used 224782K [0x0000000080000000, 0x0000000100000000)
  region size 1024K, 39 young (39936K), 6 survivors (6144K)
 Metaspace       used 93735K, capacity 96120K, committed 96332K, reserved 1132544K
  class space    used 12381K, capacity 13287K, committed 13388K, reserved 1048576K
}
Event: 19.204 GC heap after
{Heap after GC invocations=42 (full 0):
 garbage-first heap   total 299008K, used 201728K [0x0000000080000000, 0x0000000100000000)
  region size 1024K, 5 young (5120K), 5 survivors (5120K)
 Metaspace       used 93735K, capacity 96120K, committed 96332K, reserved 1132544K
  class space    used 12381K, capacity 13287K, committed 13388K, reserved 1048576K
}
Event: 20.019 GC heap before
{Heap before GC invocations=43 (full 0):
 garbage-first heap   total 299008K, used 222208K [0x0000000080000000, 0x0000000100000000)
  region size 1024K, 36 young (36864K), 5 survivors (5120K)
 Metaspace       used 94417K, capacity 96957K, committed 97228K, reserved 1132544K
  class space    used 12482K, capacity 13432K, committed 13516K, reserved 1048576K
}
Event: 20.036 GC heap after
{Heap after GC invocations=44 (full 0):
 garbage-first heap   total 299008K, used 196083K [0x0000000080000000, 0x0000000100000000)
  region size 1024K, 4 young (4096K), 4 survivors (4096K)
 Metaspace       used 94417K, capacity 96957K, committed 97228K, reserved 1132544K
  class space    used 12482K, capacity 13432K, committed 13516K, reserved 1048576K
}
Event: 20.187 GC heap before
{Heap before GC invocations=44 (full 0):
 garbage-first heap   total 299008K, used 206323K [0x0000000080000000, 0x0000000100000000)
  region size 1024K, 14 young (14336K), 4 survivors (4096K)
 Metaspace       used 94608K, capacity 97142K, committed 97228K, reserved 1132544K
  class space    used 12513K, capacity 13492K, committed 13516K, reserved 1048576K
}

